<?xml version="1.0" encoding="UTF-8"?>
<!-- Generated by org.testng.reporters.JUnitXMLReporter -->
<testsuite hostname="LAPTOP-DE0ETFAO" failures="2" tests="3" name="Test Automation" time="0.066" errors="0" timestamp="16 Jan 2022 12:00:21 GMT">
  <testcase classname="com.evaluation.testCases.WebAutomation_Case3" name="performBookOperation" time="0.019">
    <skipped/>
  </testcase> <!-- performBookOperation -->
  <testcase classname="com.evaluation.testCases.WebAutomation_Case3" name="performBookOperation" time="0.003">
    <failure type="java.lang.NullPointerException" message="Cannot invoke &amp;quot;org.openqa.selenium.WebDriver.findElement(org.openqa.selenium.By)&amp;quot; because &amp;quot;com.evaluation.base.BaseTest.driver&amp;quot; is null">
      <![CDATA[java.lang.NullPointerException: Cannot invoke "org.openqa.selenium.WebDriver.findElement(org.openqa.selenium.By)" because "com.evaluation.base.BaseTest.driver" is null
	at com.utils.ElementOperations.getWebElement(ElementOperations.java:27)
	at com.pageEvents.WidgetsPageEvents.clickOnControlGroup(WidgetsPageEvents.java:9)
	at com.evaluation.testCases.WebAutomation_Case3.performBookOperation(WebAutomation_Case3.java:11)
... Removed 24 stack frames]]>
    </failure>
  </testcase> <!-- performBookOperation -->
  <testcase classname="com.evaluation.testCases.WebAutomation_Case3" name="performBookOperation" time="0.055">
    <failure type="java.lang.NullPointerException" message="Cannot invoke &amp;quot;org.openqa.selenium.TakesScreenshot.getScreenshotAs(org.openqa.selenium.OutputType)&amp;quot; because &amp;quot;com.evaluation.base.BaseTest.driver&amp;quot; is null">
      <![CDATA[java.lang.NullPointerException: Cannot invoke "org.openqa.selenium.TakesScreenshot.getScreenshotAs(org.openqa.selenium.OutputType)" because "com.evaluation.base.BaseTest.driver" is null
	at com.utils.SuiteListener.onTestFailure(SuiteListener.java:40)
... Removed 21 stack frames]]>
    </failure>
  </testcase> <!-- performBookOperation -->
</testsuite> <!-- Test Automation -->
